0 info it worked if it ends with ok
1 verbose cli [ 'C:\\Program Files (x86)\\nodejs\\node.exe',
1 verbose cli   'C:\\Program Files (x86)\\nodejs\\node_modules\\npm\\bin\\npm-cli.js',
1 verbose cli   'publish' ]
2 info using npm@2.11.2
3 info using node@v0.12.6
4 verbose publish [ '.' ]
5 silly cache add args [ '.', null ]
6 verbose cache add spec .
7 silly cache add parsed spec { raw: '.',
7 silly cache add   scope: null,
7 silly cache add   name: null,
7 silly cache add   rawSpec: '.',
7 silly cache add   spec: 'F:\\Node\\npm-install-all',
7 silly cache add   type: 'directory' }
8 verbose addLocalDirectory C:\Users\Terminator\AppData\Roaming\npm-cache\npm-install-all\1.0.0\package.tgz not in flight; packing
9 verbose tar pack [ 'C:\\Users\\Terminator\\AppData\\Roaming\\npm-cache\\npm-install-all\\1.0.0\\package.tgz',
9 verbose tar pack   'F:\\Node\\npm-install-all' ]
10 verbose tarball C:\Users\Terminator\AppData\Roaming\npm-cache\npm-install-all\1.0.0\package.tgz
11 verbose folder F:\Node\npm-install-all
12 info prepublish npm-install-all@1.0.0
13 verbose addLocalTarball adding from inside cache C:\Users\Terminator\AppData\Roaming\npm-cache\npm-install-all\1.0.0\package.tgz
14 silly cache afterAdd npm-install-all@1.0.0
15 verbose afterAdd C:\Users\Terminator\AppData\Roaming\npm-cache\npm-install-all\1.0.0\package\package.json not in flight; writing
16 verbose afterAdd C:\Users\Terminator\AppData\Roaming\npm-cache\npm-install-all\1.0.0\package\package.json written
17 silly publish { name: 'npm-install-all',
17 silly publish   version: '1.0.0',
17 silly publish   description: 'This is a npm module to install all npm packages and save it in package.json',
17 silly publish   main: 'index.js',
17 silly publish   scripts: { test: 'echo "Error: no test specified" && exit 1' },
17 silly publish   repository:
17 silly publish    { type: 'git',
17 silly publish      url: 'git+https://github.com/AbinPal/npm-install-all.git' },
17 silly publish   author: { name: 'Abin Pal' },
17 silly publish   license: 'ISC',
17 silly publish   bugs: { url: 'https://github.com/abinpal/npm-install-all/issues' },
17 silly publish   homepage: 'https://github.com/abinpal/npm-install-all#readme',
17 silly publish   dependencies: { bluebird: '^3.3.1', 'line-reader': '^0.3.0' },
17 silly publish   bin: { 'npm-install-all': 'index.js' },
17 silly publish   keywords: [ 'node', 'npm', 'installer' ],
17 silly publish   gitHead: 'ed083b7c4c5971d188b79857e751e9294c09a211',
17 silly publish   readme: 'ERROR: No README data found!',
17 silly publish   _id: 'npm-install-all@1.0.0',
17 silly publish   _shasum: '109aa66c006685a55fa57b820aeec73081b81a1b',
17 silly publish   _from: '.' }
18 verbose getPublishConfig undefined
19 silly mapToRegistry name npm-install-all
20 silly mapToRegistry using default registry
21 silly mapToRegistry registry https://registry.npmjs.org/
22 silly mapToRegistry uri https://registry.npmjs.org/npm-install-all
23 verbose publish registryBase https://registry.npmjs.org/
24 silly publish uploading C:\Users\Terminator\AppData\Roaming\npm-cache\npm-install-all\1.0.0\package.tgz
25 verbose request uri https://registry.npmjs.org/npm-install-all
26 verbose request sending authorization for write operation
27 info attempt registry request try #1 at 6:15:57 PM
28 verbose request using bearer token for auth
29 verbose request id 000e8db51a0633b0
30 http request PUT https://registry.npmjs.org/npm-install-all
31 http 403 https://registry.npmjs.org/npm-install-all
32 verbose headers { 'content-type': 'application/json',
32 verbose headers   'cache-control': 'max-age=300',
32 verbose headers   'content-length': '95',
32 verbose headers   'accept-ranges': 'bytes',
32 verbose headers   date: 'Sun, 21 Feb 2016 12:45:59 GMT',
32 verbose headers   via: '1.1 varnish',
32 verbose headers   connection: 'keep-alive',
32 verbose headers   'x-served-by': 'cache-sin6924-SIN',
32 verbose headers   'x-cache': 'MISS',
32 verbose headers   'x-cache-hits': '0',
32 verbose headers   'x-timer': 'S1456058758.807448,VS0,VE998' }
33 verbose request invalidating C:\Users\Terminator\AppData\Roaming\npm-cache\registry.npmjs.org\npm-install-all on PUT
34 error publish Failed PUT 403
35 verbose stack Error: "You cannot publish over the previously published version 1.0.0." : npm-install-all
35 verbose stack     at CachingRegistryClient.<anonymous> (C:\Program Files (x86)\nodejs\node_modules\npm\node_modules\npm-registry-client\lib\request.js:247:14)
35 verbose stack     at Request._callback (C:\Program Files (x86)\nodejs\node_modules\npm\node_modules\npm-registry-client\lib\request.js:170:14)
35 verbose stack     at Request.self.callback (C:\Program Files (x86)\nodejs\node_modules\npm\node_modules\request\request.js:354:22)
35 verbose stack     at Request.emit (events.js:110:17)
35 verbose stack     at Request.<anonymous> (C:\Program Files (x86)\nodejs\node_modules\npm\node_modules\request\request.js:1207:14)
35 verbose stack     at Request.emit (events.js:129:20)
35 verbose stack     at IncomingMessage.<anonymous> (C:\Program Files (x86)\nodejs\node_modules\npm\node_modules\request\request.js:1153:12)
35 verbose stack     at IncomingMessage.emit (events.js:129:20)
35 verbose stack     at _stream_readable.js:908:16
35 verbose stack     at process._tickCallback (node.js:355:11)
36 verbose statusCode 403
37 verbose pkgid npm-install-all
38 verbose cwd F:\Node\npm-install-all
39 error Windows_NT 6.1.7600
40 error argv "C:\\Program Files (x86)\\nodejs\\node.exe" "C:\\Program Files (x86)\\nodejs\\node_modules\\npm\\bin\\npm-cli.js" "publish"
41 error node v0.12.6
42 error npm  v2.11.2
43 error code E403
44 error "You cannot publish over the previously published version 1.0.0." : npm-install-all
45 error If you need help, you may report this error at:
45 error     <https://github.com/npm/npm/issues>
46 verbose exit [ 1, true ]
